<?xml version="1.0" encoding="UTF-8"?>
<testsuite name="matrix.LeaseMatrixTest" tests="2" skipped="0" failures="0" errors="0" timestamp="2026-08-15T22:19:43.800Z" hostname="TERRYdeMacBook-Pro.local" time="0.001">
  <properties/>
  <testcase name="M_LS_08" classname="matrix.LeaseMatrixTest" time="0.001"/>
  <testcase name="M_LS_08_providerStillAcceptsNewApply" classname="matrix.LeaseMatrixTest" time="0.0"/>
  <system-out><![CDATA[]]></system-out>
  <system-err><![CDATA[]]></system-err>
</testsuite>
