<?xml version="1.0" encoding="UTF-8"?>
<testsuite name="matrix.ReleaseMatrixTest" tests="3" skipped="0" failures="0" errors="0" timestamp="2026-08-15T22:19:43.806Z" hostname="TERRYdeMacBook-Pro.local" time="0.001">
  <properties/>
  <testcase name="M_RL_01_staleLeaseId" classname="matrix.ReleaseMatrixTest" time="0.001"/>
  <testcase name="M_RL_01_alreadyReleasedLeaseId" classname="matrix.ReleaseMatrixTest" time="0.0"/>
  <testcase name="M_RL_01_foreignLeaseId" classname="matrix.ReleaseMatrixTest" time="0.0"/>
  <system-out><![CDATA[]]></system-out>
  <system-err><![CDATA[]]></system-err>
</testsuite>
