<?xml version="1.0" encoding="UTF-8"?>
<testsuite name="matrix.TrustTupleMatrixTest" tests="8" skipped="0" failures="0" errors="0" timestamp="2026-08-15T20:09:01.902Z" hostname="TERRYdeMacBook-Pro.local" time="0.007">
  <properties/>
  <testcase name="M_TU_01" classname="matrix.TrustTupleMatrixTest" time="0.003"/>
  <testcase name="M_TU_02" classname="matrix.TrustTupleMatrixTest" time="0.0"/>
  <testcase name="M_TU_03" classname="matrix.TrustTupleMatrixTest" time="0.0"/>
  <testcase name="M_TU_04" classname="matrix.TrustTupleMatrixTest" time="0.0"/>
  <testcase name="M_TU_05" classname="matrix.TrustTupleMatrixTest" time="0.0"/>
  <testcase name="M_TU_06" classname="matrix.TrustTupleMatrixTest" time="0.0"/>
  <testcase name="M_TU_07" classname="matrix.TrustTupleMatrixTest" time="0.001"/>
  <testcase name="baseline_fullyProvenTuple_isCounted" classname="matrix.TrustTupleMatrixTest" time="0.0"/>
  <system-out><![CDATA[]]></system-out>
  <system-err><![CDATA[]]></system-err>
</testsuite>
