<?xml version="1.0" encoding="UTF-8"?>
<testsuite name="matrix.PairingMatrixTest" tests="4" skipped="0" failures="0" errors="0" timestamp="2026-08-15T22:19:43.802Z" hostname="TERRYdeMacBook-Pro.local" time="0.002">
  <properties/>
  <testcase name="M_PA_05" classname="matrix.PairingMatrixTest" time="0.002"/>
  <testcase name="M_PA_09" classname="matrix.PairingMatrixTest" time="0.0"/>
  <testcase name="M_PA_12" classname="matrix.PairingMatrixTest" time="0.0"/>
  <testcase name="M_PA_05_unpaired_isNotPaired" classname="matrix.PairingMatrixTest" time="0.0"/>
  <system-out><![CDATA[]]></system-out>
  <system-err><![CDATA[]]></system-err>
</testsuite>
