<?xml version="1.0" encoding="UTF-8"?>
<testsuite name="matrix.IdempotencyMatrixTest" tests="2" skipped="0" failures="0" errors="0" timestamp="2026-08-15T22:19:43.799Z" hostname="TERRYdeMacBook-Pro.local" time="0.001">
  <properties/>
  <testcase name="M_ID_01" classname="matrix.IdempotencyMatrixTest" time="0.001"/>
  <testcase name="M_ID_01_baseline_samePayload_replays" classname="matrix.IdempotencyMatrixTest" time="0.0"/>
  <system-out><![CDATA[]]></system-out>
  <system-err><![CDATA[]]></system-err>
</testsuite>
